<?xml version="1.0" encoding="UTF-8"?>
<!-- Generated by org.testng.reporters.JUnitReportReporter -->
<testsuite skipped="0" hostname="LAPTOP-8D71RQ6H" name="miniProject.TestFlight" tests="1" failures="0" timestamp="2020-05-02T22:00:18 IST" time="28.375" errors="0">
  <testcase name="FlightSearch" time="28.375" classname="miniProject.TestFlight"/>
  <system-out/>
</testsuite> <!-- miniProject.TestFlight -->
